<?xml version="1.0" encoding="UTF-8"?>
<!-- Generated by org.testng.reporters.JUnitReportReporter -->
<testsuite skipped="0" hostname="DESKTOP-MEV18K4" name="POM.TestSuite" tests="1" failures="0" timestamp="30 May 2020 10:16:41 GMT" time="2.277" errors="0">
  <testcase name="test_Home_Page_Appear_Correct" time="2.277" classname="POM.TestSuite"/>
</testsuite> <!-- POM.TestSuite -->
