<?xml version="1.0" encoding="UTF-8"?>
<!-- Generated by org.testng.reporters.JUnitReportReporter -->
<testsuite skipped="0" hostname="DESKTOP-MEV18K4" name="firsttestngpackage.Test4_ParallelRun" tests="3" failures="0" timestamp="29 May 2020 09:10:32 GMT" time="26.835" errors="0">
  <testcase name="executSessionThree" time="7.366" classname="firsttestngpackage.Test4_ParallelRun"/>
  <testcase name="executSessionOne" time="8.318" classname="firsttestngpackage.Test4_ParallelRun"/>
  <testcase name="executeSessionTwo" time="11.151" classname="firsttestngpackage.Test4_ParallelRun"/>
</testsuite> <!-- firsttestngpackage.Test4_ParallelRun -->
