<?xml version="1.0" encoding="UTF-8"?>
<!-- Generated by org.testng.reporters.JUnitReportReporter -->
<testsuite skipped="0" hostname="DESKTOP-MEV18K4" name="secondtestngpackage.Test1_ParallelRun" tests="2" failures="0" timestamp="29 May 2020 09:10:32 GMT" time="19.827" errors="0">
  <testcase name="executeSessionTwo" time="10.854" classname="secondtestngpackage.Test1_ParallelRun"/>
  <testcase name="executSessionOne" time="8.973" classname="secondtestngpackage.Test1_ParallelRun"/>
</testsuite> <!-- secondtestngpackage.Test1_ParallelRun -->
